2021-08-17 19:09:00,809  INFO [main] TestBase:37 - Test suit Started
2021-08-17 19:09:00,860  INFO [TestNG-test=Test-1] TestBase:23 - reading a property file from property file
2021-08-17 19:09:00,861  INFO [TestNG-test=Test-2] TestBase:23 - reading a property file from property file
2021-08-17 19:09:00,860  INFO [TestNG-test=Test-3] TestBase:23 - reading a property file from property file
2021-08-17 19:09:00,862  INFO [TestNG-test=Test-2] TestBase:31 - value found in the property file for thebrowser
2021-08-17 19:09:00,861  INFO [TestNG-test=Test-1] TestBase:31 - value found in the property file for thebrowser
2021-08-17 19:09:00,862  INFO [TestNG-test=Test-1] TestBase:43 - initialising a browser with namechrome
2021-08-17 19:09:00,862  INFO [TestNG-test=Test-2] TestBase:43 - initialising a browser with namechrome
2021-08-17 19:09:00,862  INFO [TestNG-test=Test-3] TestBase:31 - value found in the property file for thebrowser
2021-08-17 19:09:00,863  INFO [TestNG-test=Test-3] TestBase:43 - initialising a browser with namechrome
2021-08-17 19:09:00,863  INFO [TestNG-test=Test-2] TestBase:23 - reading a property file from property file
2021-08-17 19:09:00,862  INFO [TestNG-test=Test-1] TestBase:23 - reading a property file from property file
2021-08-17 19:09:00,863  INFO [TestNG-test=Test-2] TestBase:31 - value found in the property file for thebrowser
2021-08-17 19:09:00,863  INFO [TestNG-test=Test-3] TestBase:23 - reading a property file from property file
2021-08-17 19:09:00,864  INFO [TestNG-test=Test-3] TestBase:31 - value found in the property file for thebrowser
2021-08-17 19:09:00,864  INFO [TestNG-test=Test-1] TestBase:31 - value found in the property file for thebrowser
2021-08-17 19:09:05,660  INFO [TestNG-test=Test-2] TestBase:35 - launching an application
2021-08-17 19:09:05,660  INFO [TestNG-test=Test-2] TestBase:23 - reading a property file from property file
2021-08-17 19:09:05,660  INFO [TestNG-test=Test-1] TestBase:35 - launching an application
2021-08-17 19:09:05,660  INFO [TestNG-test=Test-3] TestBase:35 - launching an application
2021-08-17 19:09:05,661  INFO [TestNG-test=Test-2] TestBase:31 - value found in the property file for theurl
2021-08-17 19:09:05,661  INFO [TestNG-test=Test-1] TestBase:23 - reading a property file from property file
2021-08-17 19:09:05,661  INFO [TestNG-test=Test-3] TestBase:23 - reading a property file from property file
2021-08-17 19:09:05,662  INFO [TestNG-test=Test-3] TestBase:31 - value found in the property file for theurl
2021-08-17 19:09:05,663  INFO [TestNG-test=Test-1] TestBase:31 - value found in the property file for theurl
2021-08-17 19:09:07,453  INFO [TestNG-test=Test-1] TestBase:48 - chrome browser initialised
2021-08-17 19:09:07,454  INFO [TestNG-test=Test-3] TestBase:48 - chrome browser initialised
2021-08-17 19:09:07,463  INFO [TestNG-test=Test-2] TestBase:48 - chrome browser initialised
2021-08-17 19:09:07,505  INFO [TestNG-test=Test-1] TestBase:12 - Test case is starting with name:blankLogin
2021-08-17 19:09:07,522  INFO [TestNG-test=Test-2] TestBase:12 - Test case is starting with name:lougoutButton
2021-08-17 19:09:07,531  INFO [TestNG-test=Test-3] TestBase:12 - Test case is starting with name:verifyuserTable
2021-08-17 19:09:17,550  INFO [TestNG-test=Test-2] TestBase:28 - Test case is Skipped with name:lougoutButton
2021-08-17 19:09:17,551  INFO [TestNG-test=Test-2] TestBase:23 - reading a property file from property file
2021-08-17 19:09:17,551  INFO [TestNG-test=Test-3] TestBase:28 - Test case is Skipped with name:verifyuserTable
2021-08-17 19:09:17,551  INFO [TestNG-test=Test-2] TestBase:31 - value found in the property file for thebrowser
2021-08-17 19:09:17,552  INFO [TestNG-test=Test-3] TestBase:23 - reading a property file from property file
2021-08-17 19:09:17,552  INFO [TestNG-test=Test-2] TestBase:43 - initialising a browser with namechrome
2021-08-17 19:09:17,552  INFO [TestNG-test=Test-2] TestBase:23 - reading a property file from property file
2021-08-17 19:09:17,552  INFO [TestNG-test=Test-3] TestBase:31 - value found in the property file for thebrowser
2021-08-17 19:09:17,553  INFO [TestNG-test=Test-3] TestBase:43 - initialising a browser with namechrome
2021-08-17 19:09:17,553  INFO [TestNG-test=Test-3] TestBase:23 - reading a property file from property file
2021-08-17 19:09:17,554  INFO [TestNG-test=Test-3] TestBase:31 - value found in the property file for thebrowser
2021-08-17 19:09:17,554  INFO [TestNG-test=Test-2] TestBase:31 - value found in the property file for thebrowser
2021-08-17 19:09:17,590  INFO [TestNG-test=Test-1] TestBase:28 - Test case is Skipped with name:blankLogin
2021-08-17 19:09:17,592  INFO [TestNG-test=Test-1] TestBase:23 - reading a property file from property file
2021-08-17 19:09:17,593  INFO [TestNG-test=Test-1] TestBase:31 - value found in the property file for thebrowser
2021-08-17 19:09:17,594  INFO [TestNG-test=Test-1] TestBase:43 - initialising a browser with namechrome
2021-08-17 19:09:17,594  INFO [TestNG-test=Test-1] TestBase:23 - reading a property file from property file
2021-08-17 19:09:17,594  INFO [TestNG-test=Test-1] TestBase:31 - value found in the property file for thebrowser
2021-08-17 19:09:19,496  INFO [TestNG-test=Test-1] TestBase:35 - launching an application
2021-08-17 19:09:19,497  INFO [TestNG-test=Test-1] TestBase:23 - reading a property file from property file
2021-08-17 19:09:19,497  INFO [TestNG-test=Test-1] TestBase:31 - value found in the property file for theurl
2021-08-17 19:09:20,251  INFO [TestNG-test=Test-3] TestBase:35 - launching an application
2021-08-17 19:09:20,252  INFO [TestNG-test=Test-3] TestBase:23 - reading a property file from property file
2021-08-17 19:09:20,252  INFO [TestNG-test=Test-3] TestBase:31 - value found in the property file for theurl
2021-08-17 19:09:20,439  INFO [TestNG-test=Test-2] TestBase:35 - launching an application
2021-08-17 19:09:20,439  INFO [TestNG-test=Test-2] TestBase:23 - reading a property file from property file
2021-08-17 19:09:20,439  INFO [TestNG-test=Test-2] TestBase:31 - value found in the property file for theurl
2021-08-17 19:09:22,093  INFO [TestNG-test=Test-1] TestBase:48 - chrome browser initialised
2021-08-17 19:09:22,096  INFO [TestNG-test=Test-1] TestBase:12 - Test case is starting with name:blankLogin
2021-08-17 19:09:22,119  INFO [TestNG-test=Test-2] TestBase:48 - chrome browser initialised
2021-08-17 19:09:22,119  INFO [TestNG-test=Test-3] TestBase:48 - chrome browser initialised
2021-08-17 19:09:22,127  INFO [TestNG-test=Test-3] TestBase:12 - Test case is starting with name:verifyuserTable
2021-08-17 19:09:22,129  INFO [TestNG-test=Test-2] TestBase:12 - Test case is starting with name:lougoutButton
2021-08-17 19:09:32,150  INFO [TestNG-test=Test-2] TestBase:28 - Test case is Skipped with name:lougoutButton
2021-08-17 19:09:32,151  INFO [TestNG-test=Test-2] TestBase:23 - reading a property file from property file
2021-08-17 19:09:32,154  INFO [TestNG-test=Test-2] TestBase:31 - value found in the property file for thebrowser
2021-08-17 19:09:32,154  INFO [TestNG-test=Test-2] TestBase:43 - initialising a browser with namechrome
2021-08-17 19:09:32,154  INFO [TestNG-test=Test-2] TestBase:23 - reading a property file from property file
2021-08-17 19:09:32,155  INFO [TestNG-test=Test-2] TestBase:31 - value found in the property file for thebrowser
2021-08-17 19:09:32,168  INFO [TestNG-test=Test-3] TestBase:28 - Test case is Skipped with name:verifyuserTable
2021-08-17 19:09:32,173  INFO [TestNG-test=Test-3] TestBase:23 - reading a property file from property file
2021-08-17 19:09:32,178  INFO [TestNG-test=Test-3] TestBase:31 - value found in the property file for thebrowser
2021-08-17 19:09:32,180  INFO [TestNG-test=Test-3] TestBase:43 - initialising a browser with namechrome
2021-08-17 19:09:32,181  INFO [TestNG-test=Test-3] TestBase:23 - reading a property file from property file
2021-08-17 19:09:32,182  INFO [TestNG-test=Test-3] TestBase:31 - value found in the property file for thebrowser
2021-08-17 19:09:32,246  INFO [TestNG-test=Test-1] TestBase:28 - Test case is Skipped with name:blankLogin
2021-08-17 19:09:32,246  INFO [TestNG-test=Test-1] TestBase:23 - reading a property file from property file
2021-08-17 19:09:32,247  INFO [TestNG-test=Test-1] TestBase:31 - value found in the property file for thebrowser
2021-08-17 19:09:32,248  INFO [TestNG-test=Test-1] TestBase:43 - initialising a browser with namechrome
2021-08-17 19:09:32,248  INFO [TestNG-test=Test-1] TestBase:23 - reading a property file from property file
2021-08-17 19:09:32,249  INFO [TestNG-test=Test-1] TestBase:31 - value found in the property file for thebrowser
2021-08-17 19:09:34,399  INFO [TestNG-test=Test-2] TestBase:35 - launching an application
2021-08-17 19:09:34,399  INFO [TestNG-test=Test-2] TestBase:23 - reading a property file from property file
2021-08-17 19:09:34,400  INFO [TestNG-test=Test-2] TestBase:31 - value found in the property file for theurl
2021-08-17 19:09:34,545  INFO [TestNG-test=Test-3] TestBase:35 - launching an application
2021-08-17 19:09:34,546  INFO [TestNG-test=Test-3] TestBase:23 - reading a property file from property file
2021-08-17 19:09:34,546  INFO [TestNG-test=Test-3] TestBase:31 - value found in the property file for theurl
2021-08-17 19:09:35,332  INFO [TestNG-test=Test-1] TestBase:35 - launching an application
2021-08-17 19:09:35,335  INFO [TestNG-test=Test-1] TestBase:23 - reading a property file from property file
2021-08-17 19:09:35,336  INFO [TestNG-test=Test-1] TestBase:31 - value found in the property file for theurl
2021-08-17 19:09:37,528  INFO [TestNG-test=Test-3] TestBase:48 - chrome browser initialised
2021-08-17 19:09:37,532  INFO [TestNG-test=Test-3] TestBase:12 - Test case is starting with name:verifyuserTable
2021-08-17 19:09:37,546  INFO [TestNG-test=Test-2] TestBase:48 - chrome browser initialised
2021-08-17 19:09:37,546  INFO [TestNG-test=Test-1] TestBase:48 - chrome browser initialised
2021-08-17 19:09:37,547  INFO [TestNG-test=Test-1] TestBase:12 - Test case is starting with name:blankLogin
2021-08-17 19:09:37,548  INFO [TestNG-test=Test-2] TestBase:12 - Test case is starting with name:lougoutButton
2021-08-17 19:09:47,572  INFO [TestNG-test=Test-2] TestBase:22 - Test case is failed with name:lougoutButton
2021-08-17 19:09:47,602  INFO [TestNG-test=Test-3] TestBase:22 - Test case is failed with name:verifyuserTable
2021-08-17 19:09:47,607  INFO [TestNG-test=Test-1] TestBase:22 - Test case is failed with name:blankLogin
2021-08-17 19:09:57,583  INFO [TestNG-test=Test-2] TestBase:22 - Test case is failed with name:lougoutButton
2021-08-17 19:09:57,619  INFO [TestNG-test=Test-3] TestBase:22 - Test case is failed with name:verifyuserTable
2021-08-17 19:09:57,624  INFO [TestNG-test=Test-1] TestBase:22 - Test case is failed with name:blankLogin
2021-08-17 19:09:58,420  INFO [TestNG-test=Test-2] TestBase:24 - Screenshot Capture for failed testcase
2021-08-17 19:09:58,420  INFO [TestNG-test=Test-2] TestBase:23 - reading a property file from property file
2021-08-17 19:09:58,422  INFO [TestNG-test=Test-2] TestBase:31 - value found in the property file for thebrowser
2021-08-17 19:09:58,422  INFO [TestNG-test=Test-2] TestBase:43 - initialising a browser with namechrome
2021-08-17 19:09:58,422  INFO [TestNG-test=Test-2] TestBase:23 - reading a property file from property file
2021-08-17 19:09:58,423  INFO [TestNG-test=Test-2] TestBase:31 - value found in the property file for thebrowser
2021-08-17 19:09:58,562  INFO [TestNG-test=Test-3] TestBase:24 - Screenshot Capture for failed testcase
2021-08-17 19:09:58,728  INFO [TestNG-test=Test-1] TestBase:24 - Screenshot Capture for failed testcase
2021-08-17 19:09:58,728  INFO [TestNG-test=Test-1] TestBase:23 - reading a property file from property file
2021-08-17 19:09:58,729  INFO [TestNG-test=Test-1] TestBase:31 - value found in the property file for thebrowser
2021-08-17 19:09:58,729  INFO [TestNG-test=Test-1] TestBase:43 - initialising a browser with namechrome
2021-08-17 19:09:58,729  INFO [TestNG-test=Test-1] TestBase:23 - reading a property file from property file
2021-08-17 19:09:58,729  INFO [TestNG-test=Test-1] TestBase:31 - value found in the property file for thebrowser
2021-08-17 19:09:59,725  INFO [TestNG-test=Test-2] TestBase:35 - launching an application
2021-08-17 19:09:59,725  INFO [TestNG-test=Test-2] TestBase:23 - reading a property file from property file
2021-08-17 19:09:59,726  INFO [TestNG-test=Test-2] TestBase:31 - value found in the property file for theurl
2021-08-17 19:10:01,231  INFO [TestNG-test=Test-1] TestBase:35 - launching an application
2021-08-17 19:10:01,232  INFO [TestNG-test=Test-1] TestBase:23 - reading a property file from property file
2021-08-17 19:10:01,232  INFO [TestNG-test=Test-1] TestBase:31 - value found in the property file for theurl
2021-08-17 19:10:02,626  INFO [TestNG-test=Test-2] TestBase:48 - chrome browser initialised
2021-08-17 19:10:02,626  INFO [TestNG-test=Test-1] TestBase:48 - chrome browser initialised
2021-08-17 19:10:02,627  INFO [TestNG-test=Test-1] TestBase:12 - Test case is starting with name:displayLogo
2021-08-17 19:10:02,629  INFO [TestNG-test=Test-2] TestBase:12 - Test case is starting with name:verifyCourses
2021-08-17 19:10:02,831  INFO [TestNG-test=Test-1] TestBase:17 - Test case is passed with name:displayLogo
2021-08-17 19:10:02,832  INFO [TestNG-test=Test-1] TestBase:23 - reading a property file from property file
2021-08-17 19:10:02,834  INFO [TestNG-test=Test-1] TestBase:31 - value found in the property file for thebrowser
2021-08-17 19:10:02,834  INFO [TestNG-test=Test-1] TestBase:43 - initialising a browser with namechrome
2021-08-17 19:10:02,834  INFO [TestNG-test=Test-1] TestBase:23 - reading a property file from property file
2021-08-17 19:10:02,835  INFO [TestNG-test=Test-1] TestBase:31 - value found in the property file for thebrowser
2021-08-17 19:10:04,423  INFO [TestNG-test=Test-1] TestBase:35 - launching an application
2021-08-17 19:10:04,424  INFO [TestNG-test=Test-1] TestBase:23 - reading a property file from property file
2021-08-17 19:10:04,424  INFO [TestNG-test=Test-1] TestBase:31 - value found in the property file for theurl
2021-08-17 19:10:05,088  INFO [TestNG-test=Test-2] TestBase:17 - Test case is passed with name:verifyCourses
2021-08-17 19:10:05,091  INFO [TestNG-test=Test-2] TestBase:23 - reading a property file from property file
2021-08-17 19:10:05,092  INFO [TestNG-test=Test-2] TestBase:31 - value found in the property file for thebrowser
2021-08-17 19:10:05,092  INFO [TestNG-test=Test-2] TestBase:43 - initialising a browser with namechrome
2021-08-17 19:10:05,092  INFO [TestNG-test=Test-2] TestBase:23 - reading a property file from property file
2021-08-17 19:10:05,092  INFO [TestNG-test=Test-2] TestBase:31 - value found in the property file for thebrowser
2021-08-17 19:10:06,928  INFO [TestNG-test=Test-2] TestBase:35 - launching an application
2021-08-17 19:10:06,928  INFO [TestNG-test=Test-2] TestBase:23 - reading a property file from property file
2021-08-17 19:10:06,928  INFO [TestNG-test=Test-2] TestBase:31 - value found in the property file for theurl
2021-08-17 19:10:08,377  INFO [TestNG-test=Test-1] TestBase:48 - chrome browser initialised
2021-08-17 19:10:08,379  INFO [TestNG-test=Test-1] TestBase:12 - Test case is starting with name:inValidLogin
2021-08-17 19:10:08,777  INFO [TestNG-test=Test-2] TestBase:48 - chrome browser initialised
2021-08-17 19:10:08,779  INFO [TestNG-test=Test-2] TestBase:12 - Test case is starting with name:verifyHeading1
2021-08-17 19:10:09,434  INFO [TestNG-test=Test-1] TestBase:17 - Test case is passed with name:inValidLogin
2021-08-17 19:10:09,434  INFO [TestNG-test=Test-1] TestBase:23 - reading a property file from property file
2021-08-17 19:10:09,435  INFO [TestNG-test=Test-1] TestBase:31 - value found in the property file for thebrowser
2021-08-17 19:10:09,436  INFO [TestNG-test=Test-1] TestBase:43 - initialising a browser with namechrome
2021-08-17 19:10:09,438  INFO [TestNG-test=Test-1] TestBase:23 - reading a property file from property file
2021-08-17 19:10:09,440  INFO [TestNG-test=Test-1] TestBase:31 - value found in the property file for thebrowser
2021-08-17 19:10:09,550  INFO [TestNG-test=Test-2] TestBase:17 - Test case is passed with name:verifyHeading1
2021-08-17 19:10:09,551  INFO [TestNG-test=Test-2] TestBase:23 - reading a property file from property file
2021-08-17 19:10:09,552  INFO [TestNG-test=Test-2] TestBase:31 - value found in the property file for thebrowser
2021-08-17 19:10:09,552  INFO [TestNG-test=Test-2] TestBase:43 - initialising a browser with namechrome
2021-08-17 19:10:09,552  INFO [TestNG-test=Test-2] TestBase:23 - reading a property file from property file
2021-08-17 19:10:09,553  INFO [TestNG-test=Test-2] TestBase:31 - value found in the property file for thebrowser
2021-08-17 19:10:11,843  INFO [TestNG-test=Test-1] TestBase:35 - launching an application
2021-08-17 19:10:11,843  INFO [TestNG-test=Test-1] TestBase:23 - reading a property file from property file
2021-08-17 19:10:11,843  INFO [TestNG-test=Test-1] TestBase:31 - value found in the property file for theurl
2021-08-17 19:10:12,103  INFO [TestNG-test=Test-2] TestBase:35 - launching an application
2021-08-17 19:10:12,104  INFO [TestNG-test=Test-2] TestBase:23 - reading a property file from property file
2021-08-17 19:10:12,104  INFO [TestNG-test=Test-2] TestBase:31 - value found in the property file for theurl
2021-08-17 19:10:14,141  INFO [TestNG-test=Test-1] TestBase:48 - chrome browser initialised
2021-08-17 19:10:14,143  INFO [TestNG-test=Test-1] TestBase:12 - Test case is starting with name:testFailure
2021-08-17 19:10:14,145  INFO [TestNG-test=Test-1] TestBase:28 - Test case is Skipped with name:testFailure
2021-08-17 19:10:14,145  INFO [TestNG-test=Test-1] TestBase:23 - reading a property file from property file
2021-08-17 19:10:14,146  INFO [TestNG-test=Test-1] TestBase:31 - value found in the property file for thebrowser
2021-08-17 19:10:14,146  INFO [TestNG-test=Test-1] TestBase:43 - initialising a browser with namechrome
2021-08-17 19:10:14,146  INFO [TestNG-test=Test-1] TestBase:23 - reading a property file from property file
2021-08-17 19:10:14,146  INFO [TestNG-test=Test-1] TestBase:31 - value found in the property file for thebrowser
2021-08-17 19:10:14,160  INFO [TestNG-test=Test-2] TestBase:48 - chrome browser initialised
2021-08-17 19:10:14,177  INFO [TestNG-test=Test-2] TestBase:12 - Test case is starting with name:verifyHeadings2
2021-08-17 19:10:16,203  INFO [TestNG-test=Test-2] TestBase:28 - Test case is Skipped with name:verifyHeadings2
2021-08-17 19:10:16,204  INFO [TestNG-test=Test-2] TestBase:23 - reading a property file from property file
2021-08-17 19:10:16,204  INFO [TestNG-test=Test-2] TestBase:31 - value found in the property file for thebrowser
2021-08-17 19:10:16,204  INFO [TestNG-test=Test-2] TestBase:43 - initialising a browser with namechrome
2021-08-17 19:10:16,204  INFO [TestNG-test=Test-2] TestBase:23 - reading a property file from property file
2021-08-17 19:10:16,205  INFO [TestNG-test=Test-2] TestBase:31 - value found in the property file for thebrowser
2021-08-17 19:10:16,362  INFO [TestNG-test=Test-1] TestBase:35 - launching an application
2021-08-17 19:10:16,363  INFO [TestNG-test=Test-1] TestBase:23 - reading a property file from property file
2021-08-17 19:10:16,363  INFO [TestNG-test=Test-1] TestBase:31 - value found in the property file for theurl
2021-08-17 19:10:17,961  INFO [TestNG-test=Test-2] TestBase:35 - launching an application
2021-08-17 19:10:17,961  INFO [TestNG-test=Test-2] TestBase:23 - reading a property file from property file
2021-08-17 19:10:17,963  INFO [TestNG-test=Test-2] TestBase:31 - value found in the property file for theurl
2021-08-17 19:10:19,541  INFO [TestNG-test=Test-2] TestBase:48 - chrome browser initialised
2021-08-17 19:10:19,542  INFO [TestNG-test=Test-1] TestBase:48 - chrome browser initialised
2021-08-17 19:10:19,543  INFO [TestNG-test=Test-2] TestBase:12 - Test case is starting with name:verifyHeadings2
2021-08-17 19:10:19,543  INFO [TestNG-test=Test-1] TestBase:12 - Test case is starting with name:testFailure
2021-08-17 19:10:19,545  INFO [TestNG-test=Test-1] TestBase:28 - Test case is Skipped with name:testFailure
2021-08-17 19:10:19,546  INFO [TestNG-test=Test-1] TestBase:23 - reading a property file from property file
2021-08-17 19:10:19,549  INFO [TestNG-test=Test-1] TestBase:31 - value found in the property file for thebrowser
2021-08-17 19:10:19,550  INFO [TestNG-test=Test-1] TestBase:43 - initialising a browser with namechrome
2021-08-17 19:10:19,552  INFO [TestNG-test=Test-1] TestBase:23 - reading a property file from property file
2021-08-17 19:10:19,552  INFO [TestNG-test=Test-1] TestBase:31 - value found in the property file for thebrowser
2021-08-17 19:10:21,751  INFO [TestNG-test=Test-2] TestBase:28 - Test case is Skipped with name:verifyHeadings2
2021-08-17 19:10:21,752  INFO [TestNG-test=Test-2] TestBase:23 - reading a property file from property file
2021-08-17 19:10:21,752  INFO [TestNG-test=Test-2] TestBase:31 - value found in the property file for thebrowser
2021-08-17 19:10:21,752  INFO [TestNG-test=Test-2] TestBase:43 - initialising a browser with namechrome
2021-08-17 19:10:21,752  INFO [TestNG-test=Test-2] TestBase:23 - reading a property file from property file
2021-08-17 19:10:21,754  INFO [TestNG-test=Test-2] TestBase:31 - value found in the property file for thebrowser
2021-08-17 19:10:22,756  INFO [TestNG-test=Test-1] TestBase:35 - launching an application
2021-08-17 19:10:22,756  INFO [TestNG-test=Test-1] TestBase:23 - reading a property file from property file
2021-08-17 19:10:22,756  INFO [TestNG-test=Test-1] TestBase:31 - value found in the property file for theurl
2021-08-17 19:10:24,163  INFO [TestNG-test=Test-2] TestBase:35 - launching an application
2021-08-17 19:10:24,163  INFO [TestNG-test=Test-2] TestBase:23 - reading a property file from property file
2021-08-17 19:10:24,164  INFO [TestNG-test=Test-2] TestBase:31 - value found in the property file for theurl
2021-08-17 19:10:32,970  INFO [TestNG-test=Test-1] TestBase:48 - chrome browser initialised
2021-08-17 19:10:32,971  INFO [TestNG-test=Test-1] TestBase:12 - Test case is starting with name:testFailure
2021-08-17 19:10:32,972  INFO [TestNG-test=Test-1] TestBase:22 - Test case is failed with name:testFailure
2021-08-17 19:10:35,046  INFO [TestNG-test=Test-2] TestBase:48 - chrome browser initialised
2021-08-17 19:10:35,048  INFO [TestNG-test=Test-2] TestBase:12 - Test case is starting with name:verifyHeadings2
2021-08-17 19:10:35,055  INFO [TestNG-test=Test-1] TestBase:24 - Screenshot Capture for failed testcase
2021-08-17 19:10:35,056  INFO [TestNG-test=Test-1] TestBase:23 - reading a property file from property file
2021-08-17 19:10:35,058  INFO [TestNG-test=Test-1] TestBase:31 - value found in the property file for thebrowser
2021-08-17 19:10:35,058  INFO [TestNG-test=Test-1] TestBase:43 - initialising a browser with namechrome
2021-08-17 19:10:35,058  INFO [TestNG-test=Test-1] TestBase:23 - reading a property file from property file
2021-08-17 19:10:35,058  INFO [TestNG-test=Test-1] TestBase:31 - value found in the property file for thebrowser
2021-08-17 19:10:36,814  INFO [TestNG-test=Test-1] TestBase:35 - launching an application
2021-08-17 19:10:36,814  INFO [TestNG-test=Test-1] TestBase:23 - reading a property file from property file
2021-08-17 19:10:36,815  INFO [TestNG-test=Test-1] TestBase:31 - value found in the property file for theurl
2021-08-17 19:10:36,914  INFO [TestNG-test=Test-2] TestBase:22 - Test case is failed with name:verifyHeadings2
2021-08-17 19:10:41,112  INFO [TestNG-test=Test-2] TestBase:24 - Screenshot Capture for failed testcase
2021-08-17 19:10:41,113  INFO [TestNG-test=Test-2] TestBase:23 - reading a property file from property file
2021-08-17 19:10:41,114  INFO [TestNG-test=Test-2] TestBase:31 - value found in the property file for thebrowser
2021-08-17 19:10:41,114  INFO [TestNG-test=Test-2] TestBase:43 - initialising a browser with namechrome
2021-08-17 19:10:41,115  INFO [TestNG-test=Test-2] TestBase:23 - reading a property file from property file
2021-08-17 19:10:41,115  INFO [TestNG-test=Test-2] TestBase:31 - value found in the property file for thebrowser
2021-08-17 19:10:41,361  INFO [TestNG-test=Test-1] TestBase:48 - chrome browser initialised
2021-08-17 19:10:41,363  INFO [TestNG-test=Test-1] TestBase:12 - Test case is starting with name:validLogin
2021-08-17 19:10:43,047  INFO [TestNG-test=Test-1] TestBase:17 - Test case is passed with name:validLogin
2021-08-17 19:10:43,048  INFO [TestNG-test=Test-1] TestBase:23 - reading a property file from property file
2021-08-17 19:10:43,048  INFO [TestNG-test=Test-1] TestBase:31 - value found in the property file for thebrowser
2021-08-17 19:10:43,049  INFO [TestNG-test=Test-1] TestBase:43 - initialising a browser with namechrome
2021-08-17 19:10:43,049  INFO [TestNG-test=Test-1] TestBase:23 - reading a property file from property file
2021-08-17 19:10:43,049  INFO [TestNG-test=Test-1] TestBase:31 - value found in the property file for thebrowser
2021-08-17 19:10:44,802  INFO [TestNG-test=Test-1] TestBase:35 - launching an application
2021-08-17 19:10:44,803  INFO [TestNG-test=Test-1] TestBase:23 - reading a property file from property file
2021-08-17 19:10:44,803  INFO [TestNG-test=Test-1] TestBase:31 - value found in the property file for theurl
2021-08-17 19:10:46,652  INFO [TestNG-test=Test-2] TestBase:35 - launching an application
2021-08-17 19:10:46,652  INFO [TestNG-test=Test-2] TestBase:23 - reading a property file from property file
2021-08-17 19:10:46,652  INFO [TestNG-test=Test-2] TestBase:31 - value found in the property file for theurl
2021-08-17 19:10:48,123  INFO [TestNG-test=Test-2] TestBase:48 - chrome browser initialised
2021-08-17 19:10:48,125  INFO [TestNG-test=Test-2] TestBase:12 - Test case is starting with name:verifySideMenu
2021-08-17 19:10:48,136  INFO [TestNG-test=Test-1] TestBase:48 - chrome browser initialised
2021-08-17 19:10:48,137  INFO [TestNG-test=Test-1] TestBase:12 - Test case is starting with name:verifyHeading1
2021-08-17 19:10:48,287  INFO [TestNG-test=Test-1] TestBase:17 - Test case is passed with name:verifyHeading1
2021-08-17 19:10:48,287  INFO [TestNG-test=Test-1] TestBase:23 - reading a property file from property file
2021-08-17 19:10:48,287  INFO [TestNG-test=Test-1] TestBase:31 - value found in the property file for thebrowser
2021-08-17 19:10:48,288  INFO [TestNG-test=Test-1] TestBase:43 - initialising a browser with namechrome
2021-08-17 19:10:48,288  INFO [TestNG-test=Test-1] TestBase:23 - reading a property file from property file
2021-08-17 19:10:48,288  INFO [TestNG-test=Test-1] TestBase:31 - value found in the property file for thebrowser
2021-08-17 19:10:50,334  INFO [TestNG-test=Test-2] TestBase:17 - Test case is passed with name:verifySideMenu
2021-08-17 19:10:50,589  INFO [TestNG-test=Test-1] TestBase:35 - launching an application
2021-08-17 19:10:50,590  INFO [TestNG-test=Test-1] TestBase:23 - reading a property file from property file
2021-08-17 19:10:50,590  INFO [TestNG-test=Test-1] TestBase:31 - value found in the property file for theurl
2021-08-17 19:10:51,933  INFO [TestNG-test=Test-1] TestBase:48 - chrome browser initialised
2021-08-17 19:10:51,934  INFO [TestNG-test=Test-1] TestBase:12 - Test case is starting with name:verifyHeading2
2021-08-17 19:10:52,005  INFO [TestNG-test=Test-1] TestBase:17 - Test case is passed with name:verifyHeading2
2021-08-17 19:10:52,006  INFO [TestNG-test=Test-1] TestBase:23 - reading a property file from property file
2021-08-17 19:10:52,006  INFO [TestNG-test=Test-1] TestBase:31 - value found in the property file for thebrowser
2021-08-17 19:10:52,008  INFO [TestNG-test=Test-1] TestBase:43 - initialising a browser with namechrome
2021-08-17 19:10:52,009  INFO [TestNG-test=Test-1] TestBase:23 - reading a property file from property file
2021-08-17 19:10:52,009  INFO [TestNG-test=Test-1] TestBase:31 - value found in the property file for thebrowser
2021-08-17 19:11:02,559  INFO [TestNG-test=Test-1] TestBase:28 - Test case is Skipped with name:verifyHeading3
2021-08-17 19:11:02,562  INFO [TestNG-test=Test-1] TestBase:28 - Test case is Skipped with name:verifyRegisterLink
2021-08-17 19:11:02,774  INFO [main] TestBase:42 - Test suit Finished
